<?xml version="1.0" encoding="UTF-8"?>
<!-- Generated by org.testng.reporters.JUnitReportReporter -->
<testsuite hostname="Naresh" failures="0" tests="1" name="naresh.first.framework.FirstMavenProject.NewTest" time="2.075" errors="0" timestamp="13 Apr 2020 17:42:36 GMT">
  <testcase classname="naresh.first.framework.FirstMavenProject.NewTest" name="GoogleExample" time="2.075"/>
</testsuite> <!-- naresh.first.framework.FirstMavenProject.NewTest -->
